2025-03-20 11:19:24,058 - [INFO]:正在扫描Bleak设备。
2025-03-20 11:19:29,146 - [INFO]:已发现如下设备：None，地址：CE:2D:63:1D:89:C7，RSSI（信号强度）：-64。
2025-03-20 11:19:29,147 - [INFO]:已发现如下设备：47L121000，地址：FD:9B:55:5C:0D:03，RSSI（信号强度）：-55。
2025-03-20 11:19:29,147 - [INFO]:已发现如下设备：None，地址：7C:25:DA:4B:98:6A，RSSI（信号强度）：-83。
2025-03-20 11:19:29,147 - [INFO]:已发现如下设备：None，地址：6A:5F:7C:39:14:B2，RSSI（信号强度）：-76。
2025-03-20 11:19:29,147 - [INFO]:已发现如下设备：None，地址：7E:1A:28:7D:55:1C，RSSI（信号强度）：-72。
2025-03-20 11:19:29,147 - [INFO]:已发现如下设备：U-AC9A6C，地址：34:29:EF:E6:9A:6D，RSSI（信号强度）：-94。
2025-03-20 11:19:29,147 - [INFO]:已发现如下设备：EDIFIER BLE，地址：64:68:70:54:48:B7，RSSI（信号强度）：-85。
2025-03-20 11:19:29,147 - [INFO]:已发现如下设备：None，地址：7A:47:3E:E1:A0:6D，RSSI（信号强度）：-82。
2025-03-20 11:19:29,147 - [INFO]:已发现如下设备：WOECAR，地址：A4:C1:38:14:06:E3，RSSI（信号强度）：-98。
2025-03-20 11:19:29,147 - [INFO]:正在连接到设备：47L121000！
2025-03-20 11:19:29,623 - [INFO]:设备：47L121000已连接成功！
2025-03-20 11:21:41,498 - [INFO]:正在扫描Bleak设备。
2025-03-20 11:21:46,566 - [INFO]:已发现如下设备：47L121000，地址：FD:9B:55:5C:0D:03，RSSI（信号强度）：-51。
2025-03-20 11:21:46,566 - [INFO]:已发现如下设备：None，地址：7E:1A:28:7D:55:1C，RSSI（信号强度）：-78。
2025-03-20 11:21:46,566 - [INFO]:已发现如下设备：EDIFIER BLE，地址：64:68:70:54:48:B7，RSSI（信号强度）：-62。
2025-03-20 11:21:46,566 - [INFO]:已发现如下设备：None，地址：53:D9:2B:71:E1:B8，RSSI（信号强度）：-94。
2025-03-20 11:21:46,566 - [INFO]:已发现如下设备：None，地址：7A:47:3E:E1:A0:6D，RSSI（信号强度）：-79。
2025-03-20 11:21:46,566 - [INFO]:已发现如下设备：None，地址：7C:25:DA:4B:98:6A，RSSI（信号强度）：-79。
2025-03-20 11:21:46,566 - [INFO]:已发现如下设备：None，地址：6A:5F:7C:39:14:B2，RSSI（信号强度）：-74。
2025-03-20 11:21:46,566 - [INFO]:正在连接到设备：47L121000！
2025-03-20 11:21:46,836 - [INFO]:设备：47L121000已连接成功！
2025-03-20 11:26:04,394 - [INFO]:正在扫描Bleak设备。
2025-03-20 11:26:09,455 - [INFO]:已发现如下设备：None，地址：68:4E:05:8E:F6:DA，RSSI（信号强度）：-96。
2025-03-20 11:26:09,455 - [INFO]:已发现如下设备：U-AC9A6C，地址：34:29:EF:E6:9A:6D，RSSI（信号强度）：-97。
2025-03-20 11:26:09,455 - [INFO]:已发现如下设备：None，地址：E4:31:35:13:A5:8A，RSSI（信号强度）：-75。
2025-03-20 11:26:09,456 - [INFO]:已发现如下设备：None，地址：E2:E7:17:A2:A8:25，RSSI（信号强度）：-97。
2025-03-20 11:26:09,456 - [INFO]:已发现如下设备：EDIFIER BLE，地址：64:68:70:54:48:B7，RSSI（信号强度）：-63。
2025-03-20 11:26:09,456 - [INFO]:已发现如下设备：None，地址：7C:25:DA:4B:98:6A，RSSI（信号强度）：-79。
2025-03-20 11:26:09,456 - [INFO]:已发现如下设备：None，地址：7E:1A:28:7D:55:1C，RSSI（信号强度）：-67。
2025-03-20 11:26:09,456 - [INFO]:已发现如下设备：None，地址：6A:5F:7C:39:14:B2，RSSI（信号强度）：-69。
2025-03-20 11:26:09,456 - [INFO]:已发现如下设备：WOECAR，地址：A4:C1:38:14:06:E3，RSSI（信号强度）：-99。
2025-03-20 11:26:09,456 - [INFO]:已发现如下设备：None，地址：7A:47:3E:E1:A0:6D，RSSI（信号强度）：-86。
